-------------------------------------------------------------------------------
Test set: com.test.Service.StudentServiceTest
-------------------------------------------------------------------------------
Tests run: 10, Failures: 0, Errors: 1, Skipped: 0, Time elapsed: 1.530 s <<< FAILURE! -- in com.test.Service.StudentServiceTest
com.test.Service.StudentServiceTest.testGetAllAssignment -- Time elapsed: 0.016 s <<< ERROR!
java.lang.NullPointerException: Cannot invoke "com.test.Repository.AssignmentRepo.findAll()" because "this.AssignmentRepo" is null
	at com.test.Service.StudentService.getAllassignments(StudentService.java:181)
	at com.test.Service.StudentServiceTest.testGetAllAssignment(StudentServiceTest.java:184)
	at java.base/java.lang.reflect.Method.invoke(Method.java:580)
	at java.base/java.util.ArrayList.forEach(ArrayList.java:1596)
	at java.base/java.util.ArrayList.forEach(ArrayList.java:1596)

